#
# There is insufficient memory for the Java Runtime Environment to continue.
# Native memory allocation (mmap) failed to map 132120576 bytes for Failed to commit area from 0x0000000082000000 to 0x0000000089e00000 of length 132120576.
# Possible reasons:
#   The system is out of physical RAM or swap space
#   The process is running with CompressedOops enabled, and the Java Heap may be blocking the growth of the native heap
# Possible solutions:
#   Reduce memory load on the system
#   Increase physical memory or swap space
#   Check if swap backing store is full
#   Decrease Java heap size (-Xmx/-Xms)
#   Decrease number of Java threads
#   Decrease Java thread stack sizes (-Xss)
#   Set larger code cache with -XX:ReservedCodeCacheSize=
# This output file may be truncated or incomplete.
#
#  Out of Memory Error (t:/workspace/open/src/hotspot/os/windows/os_windows.cpp:3274), pid=2516, tid=13368
#
# JRE version:  (11.0.5+10) (build )
# Java VM: Java HotSpot(TM) 64-Bit Server VM (11.0.5+10-LTS, mixed mode, aot, sharing, tiered, compressed oops, g1 gc, windows-amd64)
# No core dump will be written. Minidumps are not enabled by default on client versions of Windows
#

---------------  S U M M A R Y ------------

Command Line: -Dcom.sun.management.jmxremote -Dcom.sun.management.jmxremote.port=51210 -Dcom.sun.management.jmxremote.authenticate=false -Dcom.sun.management.jmxremote.ssl=false -Djava.rmi.server.hostname=localhost -Dspring.application.admin.enabled=true -Xverify:none -XX:TieredStopAtLevel=1 -Dfile.encoding=UTF-8 com.accenture.ProgettoImpiegati.ProgettoImpiegatiApplication --spring.output.ansi.enabled=always

Host: Intel(R) Core(TM) i5-7200U CPU @ 2.50GHz, 4 cores, 7G,  Windows 10 , 64 bit Build 18362 (10.0.18362.329)
Time: Thu Jan 16 15:25:46 2020 ora solare Europa occidentale elapsed time: 0 seconds (0d 0h 0m 0s)

---------------  T H R E A D  ---------------

Current thread (0x000001c867a84000):  JavaThread "Unknown thread" [_thread_in_vm, id=13368, stack(0x00000085b0300000,0x00000085b0400000)]

Stack: [0x00000085b0300000,0x00000085b0400000]
Native frames: (J=compiled Java code, j=interpreted, Vv=VM code, C=native code)
V  [jvm.dll+0x63611a]
V  [jvm.dll+0x77426f]
V  [jvm.dll+0x77591a]
V  [jvm.dll+0x775fd3]
V  [jvm.dll+0x25e608]
V  [jvm.dll+0x6335ca]
V  [jvm.dll+0x627f85]
V  [jvm.dll+0x314ecc]
V  [jvm.dll+0x314d52]
V  [jvm.dll+0x31a5c6]
V  [jvm.dll+0x3666bf]
V  [jvm.dll+0x3660e0]
V  [jvm.dll+0x2f1c48]
V  [jvm.dll+0x2f2db6]
V  [jvm.dll+0x74d437]
V  [jvm.dll+0x74ebaf]
V  [jvm.dll+0x3734f9]
V  [jvm.dll+0x733ae9]
V  [jvm.dll+0x3e2e1d]
V  [jvm.dll+0x3e51e1]
C  [javaw.exe+0x3617]
C  [javaw.exe+0x17e2c]
C  [KERNEL32.DLL+0x17bd4]
C  [ntdll.dll+0x6ced1]


---------------  P R O C E S S  ---------------

Threads class SMR info:
_java_thread_list=0x000001c8679209a0, length=0, elements={
}

Java Threads: ( => current thread )

Other Threads:
  0x000001c867a9c000 GCTaskThread "GC Thread#0" [stack: 0x00000085b0400000,0x00000085b0500000] [id=5380]
  0x000001c867acc000 ConcurrentGCThread "G1 Main Marker" [stack: 0x00000085b0500000,0x00000085b0600000] [id=1464]
  0x000001c867ace000 ConcurrentGCThread "G1 Conc#0" [stack: 0x00000085b0600000,0x00000085b0700000] [id=10768]

[error occurred during error reporting (printing all threads), id 0xc0000005, EXCEPTION_ACCESS_VIOLATION (0xc0000005) at pc=0x00007ffa45140617]

VM state:not at safepoint (not fully initialized)

VM Mutex/Monitor currently owned by a thread:  ([mutex/lock_event])
[0x000001c867a81c40] Heap_lock - owner thread: 0x000001c867a84000

Heap address: 0x0000000082000000, size: 2016 MB, Compressed Oops mode: Non-zero based: 0x0000000082000000
Narrow klass base: 0x0000000000000000, Narrow klass shift: 0

GC Heap History (0 events):
No events

Deoptimization events (0 events):
No events

Classes redefined (0 events):
No events

Internal exceptions (0 events):
No events

Events (0 events):
No events


Dynamic libraries:
0x00007ff785dc0000 - 0x00007ff785e07000 	C:\Program Files\Java\jdk-11.0.5\bin\javaw.exe
0x00007ffa7c160000 - 0x00007ffa7c350000 	C:\WINDOWS\SYSTEM32\ntdll.dll
0x00007ffa7bb30000 - 0x00007ffa7bbe2000 	C:\WINDOWS\System32\KERNEL32.DLL
0x00007ffa791d0000 - 0x00007ffa79473000 	C:\WINDOWS\System32\KERNELBASE.dll
0x00007ffa7ba60000 - 0x00007ffa7bb03000 	C:\WINDOWS\System32\ADVAPI32.dll
0x00007ffa7a3c0000 - 0x00007ffa7a45e000 	C:\WINDOWS\System32\msvcrt.dll
0x00007ffa7af90000 - 0x00007ffa7b027000 	C:\WINDOWS\System32\sechost.dll
0x00007ffa7b7e0000 - 0x00007ffa7b900000 	C:\WINDOWS\System32\RPCRT4.dll
0x00007ffa7a460000 - 0x00007ffa7a5f4000 	C:\WINDOWS\System32\USER32.dll
0x00007ffa79120000 - 0x00007ffa79141000 	C:\WINDOWS\System32\win32u.dll
0x00007ffa7aef0000 - 0x00007ffa7af16000 	C:\WINDOWS\System32\GDI32.dll
0x00007ffa79750000 - 0x00007ffa798e4000 	C:\WINDOWS\System32\gdi32full.dll
0x00007ffa796b0000 - 0x00007ffa7974e000 	C:\WINDOWS\System32\msvcp_win.dll
0x00007ffa7a0e0000 - 0x00007ffa7a1da000 	C:\WINDOWS\System32\ucrtbase.dll
0x00007ffa63900000 - 0x00007ffa63b85000 	C:\WINDOWS\WinSxS\amd64_microsoft.windows.common-controls_6595b64144ccf1df_6.0.18362.535_none_e6c3b34713100821\COMCTL32.dll
0x00007ffa65db0000 - 0x00007ffa65dba000 	C:\WINDOWS\SYSTEM32\VERSION.dll
0x00007ffa7a740000 - 0x00007ffa7aa76000 	C:\WINDOWS\System32\combase.dll
0x00007ffa79150000 - 0x00007ffa791d0000 	C:\WINDOWS\System32\bcryptPrimitives.dll
0x00007ffa7a390000 - 0x00007ffa7a3be000 	C:\WINDOWS\System32\IMM32.DLL
0x00007ffa67200000 - 0x00007ffa67216000 	C:\Program Files\Java\jdk-11.0.5\bin\vcruntime140.dll
0x00007ffa4a000000 - 0x00007ffa4a0aa000 	C:\Program Files\Java\jdk-11.0.5\bin\msvcp140.dll
0x00007ffa44e40000 - 0x00007ffa45968000 	C:\Program Files\Java\jdk-11.0.5\bin\server\jvm.dll
0x00007ffa7a2b0000 - 0x00007ffa7a2b8000 	C:\WINDOWS\System32\PSAPI.DLL
0x00007ffa67020000 - 0x00007ffa67029000 	C:\WINDOWS\SYSTEM32\WSOCK32.dll
0x00007ffa763a0000 - 0x00007ffa763c4000 	C:\WINDOWS\SYSTEM32\WINMM.dll
0x00007ffa7af20000 - 0x00007ffa7af8f000 	C:\WINDOWS\System32\WS2_32.dll
0x00007ffa76020000 - 0x00007ffa7604d000 	C:\WINDOWS\SYSTEM32\winmmbase.dll
0x00007ffa798f0000 - 0x00007ffa7993a000 	C:\WINDOWS\System32\cfgmgr32.dll
0x00007ffa790a0000 - 0x00007ffa790b1000 	C:\WINDOWS\System32\kernel.appcore.dll
0x00007ffa60ff0000 - 0x00007ffa61001000 	C:\Program Files\Java\jdk-11.0.5\bin\verify.dll
0x00007ffa77950000 - 0x00007ffa77b44000 	C:\WINDOWS\SYSTEM32\DBGHELP.DLL
0x00007ffa66ec0000 - 0x00007ffa66eea000 	C:\WINDOWS\SYSTEM32\dbgcore.DLL
0x00007ffa53d70000 - 0x00007ffa53d99000 	C:\Program Files\Java\jdk-11.0.5\bin\java.dll
0x00007ffa60f30000 - 0x00007ffa60f46000 	C:\Program Files\Java\jdk-11.0.5\bin\zip.dll
0x00007ffa60b50000 - 0x00007ffa60b5a000 	C:\Program Files\Java\jdk-11.0.5\bin\jimage.dll

dbghelp: loaded successfully - version: 4.0.5 - missing functions: none
symbol engine: initialized successfully - sym options: 0x614 - pdb path: .;C:\Program Files\Java\jdk-11.0.5\bin;C:\WINDOWS\SYSTEM32;C:\WINDOWS\WinSxS\amd64_microsoft.windows.common-controls_6595b64144ccf1df_6.0.18362.535_none_e6c3b34713100821;C:\Program Files\Java\jdk-11.0.5\bin\server

VM Arguments:
jvm_args: -Dcom.sun.management.jmxremote -Dcom.sun.management.jmxremote.port=51210 -Dcom.sun.management.jmxremote.authenticate=false -Dcom.sun.management.jmxremote.ssl=false -Djava.rmi.server.hostname=localhost -Dspring.application.admin.enabled=true -Xverify:none -XX:TieredStopAtLevel=1 -Dfile.encoding=UTF-8 
java_command: com.accenture.ProgettoImpiegati.ProgettoImpiegatiApplication --spring.output.ansi.enabled=always
java_class_path (initial): C:\Users\rogne\Documents\AcademySpringBootRestAngular\ProgettoParteBE\ProgettoImpiegati\ProgettoImpiegati\target\classes;C:\Users\rogne\.m2\repository\org\springframework\boot\spring-boot-starter-data-jpa\2.2.2.RELEASE\spring-boot-starter-data-jpa-2.2.2.RELEASE.jar;C:\Users\rogne\.m2\repository\org\springframework\boot\spring-boot-starter-aop\2.2.2.RELEASE\spring-boot-starter-aop-2.2.2.RELEASE.jar;C:\Users\rogne\.m2\repository\org\springframework\spring-aop\5.2.2.RELEASE\spring-aop-5.2.2.RELEASE.jar;C:\Users\rogne\.m2\repository\org\aspectj\aspectjweaver\1.9.5\aspectjweaver-1.9.5.jar;C:\Users\rogne\.m2\repository\org\springframework\boot\spring-boot-starter-jdbc\2.2.2.RELEASE\spring-boot-starter-jdbc-2.2.2.RELEASE.jar;C:\Users\rogne\.m2\repository\com\zaxxer\HikariCP\3.4.1\HikariCP-3.4.1.jar;C:\Users\rogne\.m2\repository\org\springframework\spring-jdbc\5.2.2.RELEASE\spring-jdbc-5.2.2.RELEASE.jar;C:\Users\rogne\.m2\repository\jakarta\activation\jakarta.activation-api\1.2.1\jakarta.activation-api-1.2.1.jar;C:\Users\rogne\.m2\repository\jakarta\persistence\jakarta.persistence-api\2.2.3\jakarta.persistence-api-2.2.3.jar;C:\Users\rogne\.m2\repository\jakarta\transaction\jakarta.transaction-api\1.3.3\jakarta.transaction-api-1.3.3.jar;C:\Users\rogne\.m2\repository\org\hibernate\hibernate-core\5.4.9.Final\hibernate-core-5.4.9.Final.jar;C:\Users\rogne\.m2\repository\org\jboss\logging\jboss-logging\3.4.1.Final\jboss-logging-3.4.1.Final.jar;C:\Users\rogne\.m2\repository\org\javassist\javassist\3.24.0-GA\javassist-3.24.0-GA.jar;C:\Users\rogne\.m2\repository\net\bytebuddy\byte-buddy\1.10.4\byte-buddy-1.10.4.jar;C:\Users\rogne\.m2\repository\antlr\antlr\2.7.7\antlr-2.7.7.jar;C:\Users\rogne\.m2\repository\org\jboss\jandex\2.1.1.Final\jandex-2.1.1.Final.jar;C:\Users\rogne\.m2\repository\com\fasterxml\classmate\1.5.1\classmate-1.5.1.jar;C:\Users\rogne\.m2\repository\org\dom4j\dom4j\2.1.1\dom4j-2.1.1.jar;C:\Users\rogne\.m2\repository\org\hibernate\common\
Launcher Type: SUN_STANDARD

[Global flags]
     bool BytecodeVerificationLocal                = false                                     {product} {command line}
     bool BytecodeVerificationRemote               = false                                     {product} {command line}
     intx CICompilerCount                          = 3                                         {product} {ergonomic}
     uint ConcGCThreads                            = 1                                         {product} {ergonomic}
     uint G1ConcRefinementThreads                  = 4                                         {product} {ergonomic}
   size_t G1HeapRegionSize                         = 1048576                                   {product} {ergonomic}
    uintx GCDrainStackTargetSize                   = 64                                        {product} {ergonomic}
   size_t InitialHeapSize                          = 132120576                                 {product} {ergonomic}
     bool ManagementServer                         = true                                      {product} {command line}
   size_t MarkStackSize                            = 4194304                                   {product} {ergonomic}
   size_t MaxHeapSize                              = 2113929216                                {product} {ergonomic}
   size_t MinHeapDeltaBytes                        = 1048576                                   {product} {ergonomic}
    uintx NonNMethodCodeHeapSize                   = 6973028                                {pd product} {ergonomic}
    uintx NonProfiledCodeHeapSize                  = 244685212                              {pd product} {ergonomic}
    uintx ProfiledCodeHeapSize                     = 0                                      {pd product} {ergonomic}
    uintx ReservedCodeCacheSize                    = 251658240                              {pd product} {ergonomic}
     bool SegmentedCodeCache                       = true                                      {product} {ergonomic}
     intx TieredStopAtLevel                        = 1                                         {product} {command line}
     bool UseCompressedClassPointers               = true                                 {lp64_product} {ergonomic}
     bool UseCompressedOops                        = true                                 {lp64_product} {ergonomic}
     bool UseG1GC                                  = true                                      {product} {ergonomic}
     bool UseLargePagesIndividualAllocation        = false                                  {pd product} {ergonomic}

Logging:
Log output configuration:
 #0: stdout all=warning uptime,level,tags
 #1: stderr all=off uptime,level,tags

Environment Variables:
JAVA_HOME=C:\Program Files\Java\jdk-11.0.5
PATH=C:/Program Files/Java/jdk-11.0.5/bin/server;C:/Program Files/Java/jdk-11.0.5/bin;C:\oraclexe\app\oracle\product\11.2.0\server\bin;C:\WINDOWS\system32;C:\WINDOWS;C:\WINDOWS\System32\Wbem;C:\WINDOWS\System32\WindowsPowerShell\v1.0\;C:\WINDOWS\System32\OpenSSH\;C:\Program Files\nodejs\;C:\Program Files\TortoiseSVN\bin;C:\Program Files\Java\jdk-11.0.5\bin;C:\Program Files (x86)\Intel\Intel(R) Management Engine Components\DAL;C:\Program Files\Intel\Intel(R) Management Engine Components\DAL;C:\Users\rogne\AppData\Local\Microsoft\WindowsApps;;C:\Users\rogne\AppData\Local\Programs\Microsoft VS Code\bin;C:\Users\rogne\AppData\Roaming\npm;C:\Users\rogne\Documents\DownloadSwCorso\sts-4.1.0.RELEASE;
USERNAME=rogne
OS=Windows_NT
PROCESSOR_IDENTIFIER=Intel64 Family 6 Model 142 Stepping 9, GenuineIntel



---------------  S Y S T E M  ---------------

OS: Windows 10 , 64 bit Build 18362 (10.0.18362.329)

CPU:total 4 (initial active 4) (2 cores per cpu, 2 threads per core) family 6 model 142 stepping 9, cmov, cx8, fxsr, mmx, sse, sse2, sse3, ssse3, sse4.1, sse4.2, popcnt, avx, avx2, aes, clmul, erms, 3dnowpref, lzcnt, ht, tsc, tscinvbit, bmi1, bmi2, adx, fma

Memory: 4k page, system-wide physical 8058M (426M free)
TotalPageFile size 11058M (AvailPageFile size 13M)
current process WorkingSet (physical memory assigned to process): 9M, peak: 9M
current process commit charge ("private bytes"): 49M, peak: 175M

vm_info: Java HotSpot(TM) 64-Bit Server VM (11.0.5+10-LTS) for windows-amd64 JRE (11.0.5+10-LTS), built on Oct  6 2019 12:37:14 by "mach5one" with MS VC++ 15.5 (VS2017)

END.
